<?xml version="1.0" encoding="UTF-8"?>
<!-- Generated by org.testng.reporters.JUnitXMLReporter -->
<testsuite ignored="0" hostname="LAPTOP-O50F0RVV" failures="0" tests="4" name="Test" time="8.172" errors="0" timestamp="2022-06-29T14:01:50 IST">
  <testcase classname="com.swaglabs.testcases.ProductAddToCart" name="verifyLogin" time="1.001"/>
  <testcase classname="com.swaglabs.testcases.ProductAddToCart" name="addToCart" time="0.402"/>
  <testcase classname="com.swaglabs.testcases.ProductAddToCart" name="priceSorting" time="0.282"/>
  <testcase classname="com.swaglabs.testcases.VerifyLinkdinButton" name="linkdinbuttonverification" time="0.886"/>
</testsuite> <!-- Test -->
