<?xml version="1.0" encoding="UTF-8"?>
<testng-results ignored="0" total="4" passed="4" failed="0" skipped="0">
  <reporter-output>
  </reporter-output>
  <suite started-at="2022-06-29T14:01:42 IST" name="Suite" finished-at="2022-06-29T14:01:50 IST" duration-ms="8172">
    <groups>
    </groups>
    <test started-at="2022-06-29T14:01:42 IST" name="Test" finished-at="2022-06-29T14:01:50 IST" duration-ms="8172">
      <class name="com.swaglabs.testcases.ProductAddToCart">
        <test-method is-config="true" signature="setup()[pri:0, instance:com.swaglabs.testcases.ProductAddToCart@2e385cce]" started-at="2022-06-29T14:01:42 IST" name="setup" finished-at="2022-06-29T14:01:46 IST" duration-ms="3976" status="PASS">
          <reporter-output>
          </reporter-output>
        </test-method> <!-- setup -->
        <test-method signature="verifyLogin()[pri:0, instance:com.swaglabs.testcases.ProductAddToCart@2e385cce]" started-at="2022-06-29T14:01:46 IST" name="verifyLogin" finished-at="2022-06-29T14:01:47 IST" duration-ms="1001" status="PASS">
          <reporter-output>
          </reporter-output>
        </test-method> <!-- verifyLogin -->
        <test-method signature="addToCart()[pri:1, instance:com.swaglabs.testcases.ProductAddToCart@2e385cce]" started-at="2022-06-29T14:01:47 IST" name="addToCart" finished-at="2022-06-29T14:01:47 IST" duration-ms="402" status="PASS">
          <reporter-output>
          </reporter-output>
        </test-method> <!-- addToCart -->
        <test-method signature="priceSorting()[pri:2, instance:com.swaglabs.testcases.ProductAddToCart@2e385cce]" started-at="2022-06-29T14:01:47 IST" name="priceSorting" finished-at="2022-06-29T14:01:47 IST" duration-ms="282" status="PASS">
          <reporter-output>
          </reporter-output>
        </test-method> <!-- priceSorting -->
        <test-method is-config="true" signature="tearDown()[pri:0, instance:com.swaglabs.testcases.ProductAddToCart@2e385cce]" started-at="2022-06-29T14:01:47 IST" name="tearDown" finished-at="2022-06-29T14:01:48 IST" duration-ms="246" status="PASS">
          <reporter-output>
          </reporter-output>
        </test-method> <!-- tearDown -->
      </class> <!-- com.swaglabs.testcases.ProductAddToCart -->
      <class name="com.swaglabs.testcases.VerifyLinkdinButton">
        <test-method is-config="true" signature="setup()[pri:0, instance:com.swaglabs.testcases.VerifyLinkdinButton@644baf4a]" started-at="2022-06-29T14:01:48 IST" name="setup" finished-at="2022-06-29T14:01:49 IST" duration-ms="1006" status="PASS">
          <reporter-output>
          </reporter-output>
        </test-method> <!-- setup -->
        <test-method signature="linkdinbuttonverification()[pri:0, instance:com.swaglabs.testcases.VerifyLinkdinButton@644baf4a]" started-at="2022-06-29T14:01:49 IST" name="linkdinbuttonverification" finished-at="2022-06-29T14:01:49 IST" duration-ms="886" status="PASS">
          <reporter-output>
          </reporter-output>
        </test-method> <!-- linkdinbuttonverification -->
        <test-method is-config="true" signature="tearDown()[pri:0, instance:com.swaglabs.testcases.VerifyLinkdinButton@644baf4a]" started-at="2022-06-29T14:01:49 IST" name="tearDown" finished-at="2022-06-29T14:01:50 IST" duration-ms="321" status="PASS">
          <reporter-output>
          </reporter-output>
        </test-method> <!-- tearDown -->
      </class> <!-- com.swaglabs.testcases.VerifyLinkdinButton -->
    </test> <!-- Test -->
  </suite> <!-- Suite -->
</testng-results>
